This file contains any messages produced by compilers while
running configure, to aid debugging if configure makes a mistake.

It was created by CLHEP Random configure 2.1.0.0, which was
generated by GNU Autoconf 2.59.  Invocation command line was

  $ ./configure --prefix=/Users/neil/Code/ZZ3/Simu/TP5/Random

## --------- ##
## Platform. ##
## --------- ##

hostname = MBP-NEIL.local
uname -m = arm64
uname -r = 24.1.0
uname -s = Darwin
uname -v = Darwin Kernel Version 24.1.0: Thu Oct 10 21:03:11 PDT 2024; root:xnu-11215.41.3~2/RELEASE_ARM64_T6020

/usr/bin/uname -p = arm
/bin/uname -X     = unknown

/bin/arch              = unknown
/usr/bin/arch -k       = unknown
/usr/convex/getsysinfo = unknown
hostinfo               = Mach kernel version:
	 Darwin Kernel Version 24.1.0: Thu Oct 10 21:03:11 PDT 2024; root:xnu-11215.41.3~2/RELEASE_ARM64_T6020
Kernel configured for up to 10 processors.
10 processors are physically available.
10 processors are logically available.
Processor type: arm64e (ARM64E)
Processors active: 0 1 2 3 4 5 6 7 8 9
Primary memory available: 16.00 gigabytes
Default processor set: 737 tasks, 3705 threads, 10 processors
Load average: 2.52, Mach factor: 7.47
/bin/machine           = unknown
/usr/bin/oslevel       = unknown
/bin/universe          = unknown

PATH: /Users/neil/miniconda3/bin
PATH: /Users/neil/miniconda3/condabin
PATH: /opt/homebrew/bin
PATH: /opt/homebrew/sbin
PATH: /usr/local/bin
PATH: /System/Cryptexes/App/usr/bin
PATH: /usr/bin
PATH: /bin
PATH: /usr/sbin
PATH: /sbin
PATH: /var/run/com.apple.security.cryptexd/codex.system/bootstrap/usr/local/bin
PATH: /var/run/com.apple.security.cryptexd/codex.system/bootstrap/usr/bin
PATH: /var/run/com.apple.security.cryptexd/codex.system/bootstrap/usr/appleinternal/bin
PATH: /opt/X11/bin
PATH: /Library/Apple/usr/bin
PATH: /Applications/VMware Fusion.app/Contents/Public
PATH: /Users/neil/Library/Application Support/JetBrains/Toolbox/scripts


## ----------- ##
## Core tests. ##
## ----------- ##

configure:1315: checking build system type
configure:1333: result: arm-apple-darwin24.1.0
configure:1341: checking host system type
configure:1355: result: arm-apple-darwin24.1.0
configure:1363: checking target system type
configure:1377: result: arm-apple-darwin24.1.0
configure:1406: checking for a BSD-compatible install
configure:1461: result: /usr/bin/install -c
configure:1472: checking whether build environment is sane
configure:1515: result: yes
configure:1580: checking for gawk
configure:1609: result: no
configure:1580: checking for mawk
configure:1609: result: no
configure:1580: checking for nawk
configure:1609: result: no
configure:1580: checking for awk
configure:1596: found /usr/bin/awk
configure:1606: result: awk
configure:1616: checking whether make sets $(MAKE)
configure:1636: result: yes
configure:1817: checking for a BSD-compatible install
configure:1872: result: /usr/bin/install -c
configure:1883: checking whether ln -s works
configure:1887: result: yes
configure:1935: checking for ranlib
configure:1951: found /usr/bin/ranlib
configure:1962: result: ranlib
configure:2157: checking for cl
configure:2186: result: no
configure:2157: checking for g++
configure:2173: found /usr/bin/g++
configure:2183: result: g++
configure:2199: checking for C++ compiler version
configure:2202: g++ --version </dev/null >&5
Apple clang version 16.0.0 (clang-1600.0.26.4)
Target: arm64-apple-darwin24.1.0
Thread model: posix
InstalledDir: /Applications/Xcode.app/Contents/Developer/Toolchains/XcodeDefault.xctoolchain/usr/bin
configure:2205: $? = 0
configure:2207: g++ -v </dev/null >&5
Apple clang version 16.0.0 (clang-1600.0.26.4)
Target: arm64-apple-darwin24.1.0
Thread model: posix
InstalledDir: /Applications/Xcode.app/Contents/Developer/Toolchains/XcodeDefault.xctoolchain/usr/bin
configure:2210: $? = 0
configure:2212: g++ -V </dev/null >&5
clang++: error: argument to '-V' is missing (expected 1 value)
clang++: error: no input files
configure:2215: $? = 1
configure:2238: checking for C++ compiler default output file name
configure:2241: g++    conftest.cc  >&5
configure:2244: $? = 0
configure:2290: result: a.out
configure:2295: checking whether the C++ compiler works
configure:2301: ./a.out
configure:2304: $? = 0
configure:2321: result: yes
configure:2328: checking whether we are cross compiling
configure:2330: result: no
configure:2333: checking for suffix of executables
configure:2335: g++ -o conftest    conftest.cc  >&5
configure:2338: $? = 0
configure:2363: result: 
configure:2369: checking for suffix of object files
configure:2390: g++ -c   conftest.cc >&5
configure:2393: $? = 0
configure:2415: result: o
configure:2419: checking whether we are using the GNU C++ compiler
configure:2443: g++ -c   conftest.cc >&5
configure:2449: $? = 0
configure:2453: test -z 
			 || test ! -s conftest.err
configure:2456: $? = 0
configure:2459: test -s conftest.o
configure:2462: $? = 0
configure:2475: result: yes
configure:2481: checking whether g++ accepts -g
configure:2502: g++ -c -g  conftest.cc >&5
configure:2508: $? = 0
configure:2512: test -z 
			 || test ! -s conftest.err
configure:2515: $? = 0
configure:2518: test -s conftest.o
configure:2521: $? = 0
configure:2532: result: yes
configure:2574: g++ -c -g -O2  conftest.cc >&5
configure:2580: $? = 0
configure:2584: test -z 
			 || test ! -s conftest.err
configure:2587: $? = 0
configure:2590: test -s conftest.o
configure:2593: $? = 0
configure:2619: g++ -c -g -O2  conftest.cc >&5
conftest.cc:15:1: error: use of undeclared identifier 'exit'
   15 | exit (42);
      | ^
1 error generated.
configure:2625: $? = 1
configure: failed program was:
| /* confdefs.h.  */
| 
| #define PACKAGE_NAME "CLHEP Random"
| #define PACKAGE_TARNAME "Random"
| #define PACKAGE_VERSION "2.1.0.0"
| #define PACKAGE_STRING "CLHEP Random 2.1.0.0"
| #define PACKAGE_BUGREPORT "http://savannah.cern.ch/projects/clhep/"
| #define PACKAGE "Random"
| #define VERSION "2.1.0.0"
| /* end confdefs.h.  */
| 
| int
| main ()
| {
| exit (42);
|   ;
|   return 0;
| }
configure:2574: g++ -c -g -O2  conftest.cc >&5
conftest.cc:11:17: error: use of undeclared identifier 'std'
   11 | extern "C" void std::exit (int) throw (); using std::exit;
      |                 ^
conftest.cc:11:49: error: use of undeclared identifier 'std'
   11 | extern "C" void std::exit (int) throw (); using std::exit;
      |                                                 ^
2 errors generated.
configure:2580: $? = 1
configure: failed program was:
| /* confdefs.h.  */
| 
| #define PACKAGE_NAME "CLHEP Random"
| #define PACKAGE_TARNAME "Random"
| #define PACKAGE_VERSION "2.1.0.0"
| #define PACKAGE_STRING "CLHEP Random 2.1.0.0"
| #define PACKAGE_BUGREPORT "http://savannah.cern.ch/projects/clhep/"
| #define PACKAGE "Random"
| #define VERSION "2.1.0.0"
| /* end confdefs.h.  */
| extern "C" void std::exit (int) throw (); using std::exit;
| #include <stdlib.h>
| int
| main ()
| {
| exit (42);
|   ;
|   return 0;
| }
configure:2574: g++ -c -g -O2  conftest.cc >&5
conftest.cc:11:17: error: use of undeclared identifier 'std'
   11 | extern "C" void std::exit (int); using std::exit;
      |                 ^
conftest.cc:11:40: error: use of undeclared identifier 'std'
   11 | extern "C" void std::exit (int); using std::exit;
      |                                        ^
2 errors generated.
configure:2580: $? = 1
configure: failed program was:
| /* confdefs.h.  */
| 
| #define PACKAGE_NAME "CLHEP Random"
| #define PACKAGE_TARNAME "Random"
| #define PACKAGE_VERSION "2.1.0.0"
| #define PACKAGE_STRING "CLHEP Random 2.1.0.0"
| #define PACKAGE_BUGREPORT "http://savannah.cern.ch/projects/clhep/"
| #define PACKAGE "Random"
| #define VERSION "2.1.0.0"
| /* end confdefs.h.  */
| extern "C" void std::exit (int); using std::exit;
| #include <stdlib.h>
| int
| main ()
| {
| exit (42);
|   ;
|   return 0;
| }
configure:2574: g++ -c -g -O2  conftest.cc >&5
In file included from conftest.cc:12:
In file included from /Applications/Xcode.app/Contents/Developer/Platforms/MacOSX.platform/Developer/SDKs/MacOSX.sdk/usr/include/c++/v1/stdlib.h:94:
In file included from /Applications/Xcode.app/Contents/Developer/Platforms/MacOSX.platform/Developer/SDKs/MacOSX.sdk/usr/include/stdlib.h:58:
/Applications/Xcode.app/Contents/Developer/Platforms/MacOSX.platform/Developer/SDKs/MacOSX.sdk/usr/include/_stdlib.h:141:7: error: 'exit' is missing exception specification 'throw()'
  141 | void     exit(int) __dead2;
      |          ^
conftest.cc:11:17: note: previous declaration is here
   11 | extern "C" void exit (int) throw ();
      |                 ^
1 error generated.
configure:2580: $? = 1
configure: failed program was:
| /* confdefs.h.  */
| 
| #define PACKAGE_NAME "CLHEP Random"
| #define PACKAGE_TARNAME "Random"
| #define PACKAGE_VERSION "2.1.0.0"
| #define PACKAGE_STRING "CLHEP Random 2.1.0.0"
| #define PACKAGE_BUGREPORT "http://savannah.cern.ch/projects/clhep/"
| #define PACKAGE "Random"
| #define VERSION "2.1.0.0"
| /* end confdefs.h.  */
| extern "C" void exit (int) throw ();
| #include <stdlib.h>
| int
| main ()
| {
| exit (42);
|   ;
|   return 0;
| }
configure:2574: g++ -c -g -O2  conftest.cc >&5
configure:2580: $? = 0
configure:2584: test -z 
			 || test ! -s conftest.err
configure:2587: $? = 0
configure:2590: test -s conftest.o
configure:2593: $? = 0
configure:2619: g++ -c -g -O2  conftest.cc >&5
configure:2625: $? = 0
configure:2629: test -z 
			 || test ! -s conftest.err
configure:2632: $? = 0
configure:2635: test -s conftest.o
configure:2638: $? = 0
configure:2672: checking for style of include used by make
configure:2700: result: GNU
configure:2728: checking dependency style of g++
configure:2818: result: gcc3
configure:2851: checking how to run the C++ preprocessor
configure:2882: g++ -E  conftest.cc
configure:2888: $? = 0
configure:2920: g++ -E  conftest.cc
conftest.cc:14:10: fatal error: 'ac_nonexistent.h' file not found
   14 | #include <ac_nonexistent.h>
      |          ^~~~~~~~~~~~~~~~~~
1 error generated.
configure:2926: $? = 1
configure: failed program was:
| /* confdefs.h.  */
| 
| #define PACKAGE_NAME "CLHEP Random"
| #define PACKAGE_TARNAME "Random"
| #define PACKAGE_VERSION "2.1.0.0"
| #define PACKAGE_STRING "CLHEP Random 2.1.0.0"
| #define PACKAGE_BUGREPORT "http://savannah.cern.ch/projects/clhep/"
| #define PACKAGE "Random"
| #define VERSION "2.1.0.0"
| #ifdef __cplusplus
| extern "C" void exit (int);
| #endif
| /* end confdefs.h.  */
| #include <ac_nonexistent.h>
configure:2965: result: g++ -E
configure:2989: g++ -E  conftest.cc
configure:2995: $? = 0
configure:3027: g++ -E  conftest.cc
conftest.cc:14:10: fatal error: 'ac_nonexistent.h' file not found
   14 | #include <ac_nonexistent.h>
      |          ^~~~~~~~~~~~~~~~~~
1 error generated.
configure:3033: $? = 1
configure: failed program was:
| /* confdefs.h.  */
| 
| #define PACKAGE_NAME "CLHEP Random"
| #define PACKAGE_TARNAME "Random"
| #define PACKAGE_VERSION "2.1.0.0"
| #define PACKAGE_STRING "CLHEP Random 2.1.0.0"
| #define PACKAGE_BUGREPORT "http://savannah.cern.ch/projects/clhep/"
| #define PACKAGE "Random"
| #define VERSION "2.1.0.0"
| #ifdef __cplusplus
| extern "C" void exit (int);
| #endif
| /* end confdefs.h.  */
| #include <ac_nonexistent.h>
configure:3257: checking for drand48
configure:3314: g++ -o conftest -g -O2   conftest.cc  >&5
configure:3320: $? = 0
configure:3324: test -z 
			 || test ! -s conftest.err
configure:3327: $? = 0
configure:3330: test -s conftest
configure:3333: $? = 0
configure:3345: result: yes
configure:3490: creating ./config.status

## ---------------------- ##
## Running config.status. ##
## ---------------------- ##

This file was extended by CLHEP Random config.status 2.1.0.0, which was
generated by GNU Autoconf 2.59.  Invocation command line was

  CONFIG_FILES    = 
  CONFIG_HEADERS  = 
  CONFIG_LINKS    = 
  CONFIG_COMMANDS = 
  $ ./config.status 

on MBP-NEIL.local

config.status:735: creating Makefile
config.status:735: creating Random/Makefile
config.status:735: creating src/Makefile
config.status:735: creating doc/Makefile
config.status:735: creating test/Makefile
config.status:735: creating Random-deps
config.status:735: creating Random/copy-header.pl
config.status:735: creating Random-config
config.status:735: creating test/testRandDists.sh
config.status:735: creating test/testRandom.sh
config.status:735: creating test/gaussSmall.sh
config.status:735: creating test/gaussSpeed.sh
config.status:848: creating Random/defs.h
config.status:936: Random/defs.h is unchanged
config.status:1116: executing depfiles commands

## ---------------- ##
## Cache variables. ##
## ---------------- ##

ac_cv_build=arm-apple-darwin24.1.0
ac_cv_build_alias=arm-apple-darwin24.1.0
ac_cv_cxx_compiler_gnu=yes
ac_cv_env_CPPFLAGS_set=
ac_cv_env_CPPFLAGS_value=
ac_cv_env_CXXCPP_set=
ac_cv_env_CXXCPP_value=
ac_cv_env_CXXFLAGS_set=
ac_cv_env_CXXFLAGS_value=
ac_cv_env_CXX_set=
ac_cv_env_CXX_value=
ac_cv_env_LDFLAGS_set=
ac_cv_env_LDFLAGS_value=
ac_cv_env_build_alias_set=
ac_cv_env_build_alias_value=
ac_cv_env_host_alias_set=
ac_cv_env_host_alias_value=
ac_cv_env_target_alias_set=
ac_cv_env_target_alias_value=
ac_cv_exeext=
ac_cv_func_drand48=yes
ac_cv_host=arm-apple-darwin24.1.0
ac_cv_host_alias=arm-apple-darwin24.1.0
ac_cv_objext=o
ac_cv_path_install='/usr/bin/install -c'
ac_cv_prog_AWK=awk
ac_cv_prog_CXXCPP='g++ -E'
ac_cv_prog_ac_ct_CXX=g++
ac_cv_prog_ac_ct_RANLIB=ranlib
ac_cv_prog_cxx_g=yes
ac_cv_prog_make_make_set=yes
ac_cv_target=arm-apple-darwin24.1.0
ac_cv_target_alias=arm-apple-darwin24.1.0
am_cv_CXX_dependencies_compiler_type=gcc3

## ----------------- ##
## Output variables. ##
## ----------------- ##

ACLOCAL='${SHELL} /Users/neil/Code/ZZ3/Simu/TP5/Random/autotools/missing --run aclocal-1.9'
AMDEPBACKSLASH='\'
AMDEP_FALSE='#'
AMDEP_TRUE=''
AMTAR='${SHELL} /Users/neil/Code/ZZ3/Simu/TP5/Random/autotools/missing --run tar'
AM_CXXFLAGS='-O -ansi -pedantic -Wall -D_GNU_SOURCE'
AM_LDFLAGS=''
AR='ar'
ARFLAGS='cru'
AUTOCONF='${SHELL} /Users/neil/Code/ZZ3/Simu/TP5/Random/autotools/missing --run autoconf'
AUTOHEADER='${SHELL} /Users/neil/Code/ZZ3/Simu/TP5/Random/autotools/missing --run autoheader'
AUTOMAKE='${SHELL} /Users/neil/Code/ZZ3/Simu/TP5/Random/autotools/missing --run automake-1.9'
AWK='awk'
BUILD_SHARED_FALSE=''
BUILD_SHARED_TRUE='#'
BUILD_STATIC_FALSE='#'
BUILD_STATIC_TRUE=''
COPY_P='cp -p'
CPPFLAGS=''
CXX='g++'
CXXCPP='g++ -E'
CXXDEPMODE='depmode=gcc3'
CXXFLAGS='-g -O2'
CYGPATH_W='echo'
DEFS='-DHAVE_CONFIG_H'
DEPDIR='.deps'
DIFF_Q='diff -q -b'
ECHO_C='ECHO_N=''
ECHO_T=''
EXEEXT=''
INSTALL_DATA='${INSTALL} -m 644'
INSTALL_PROGRAM='${INSTALL}'
INSTALL_SCRIPT='${INSTALL}'
INSTALL_STRIP_PROGRAM='${SHELL} $(install_sh) -c -s'
LDFLAGS=''
LIBOBJS=''
LIBS=''
LN_S='ln -s'
LTLIBOBJS=''
MAKEINFO='${SHELL} /Users/neil/Code/ZZ3/Simu/TP5/Random/autotools/missing --run makeinfo'
MY_LD='-Wl,--rpath -Wl,'
MY_SHFLAGS='-fPIC -DPIC'
MY_SHLINK='-dynamiclib -single_module'
MY_SHNAME='-Wl,-soname,'
OBJEXT='o'
PACKAGE='Random'
PACKAGE_BUGREPORT='http://savannah.cern.ch/projects/clhep/'
PACKAGE_NAME='CLHEP Random'
PACKAGE_STRING='CLHEP Random 2.1.0.0'
PACKAGE_TARNAME='Random'
PACKAGE_VERSION='2.1.0.0'
PATH_SEPARATOR=':'
RANLIB='ranlib'
Random_CPPFLAGS='-I${prefix}/include'
Random_LDFLAGS='-L${exec_prefix}/lib'
Random_LIBS='-lCLHEP-Random-2.1.0.0'
SET_MAKE=''
SHELL='/bin/sh'
SHEXT='dylib'
STRIP=''
TARGET='arm-apple-darwin24.1.0'
USE_GMAKE_FALSE=''
USE_GMAKE_TRUE='#'
VERSION='2.1.0.0'
ac_ct_CXX='g++'
ac_ct_RANLIB='ranlib'
ac_ct_STRIP=''
am__fastdepCXX_FALSE='#'
am__fastdepCXX_TRUE=''
am__include='include'
am__leading_dot='.'
am__quote=''
am__tar='${AMTAR} chof - "$$tardir"'
am__untar='${AMTAR} xf -'
bindir='${exec_prefix}/bin'
build='arm-apple-darwin24.1.0'
build_alias=''
build_cpu='arm'
build_os='darwin24.1.0'
build_vendor='apple'
datadir='${prefix}/share'
exec_prefix='${prefix}'
host='arm-apple-darwin24.1.0'
host_alias=''
host_cpu='arm'
host_os='darwin24.1.0'
host_vendor='apple'
includedir='${prefix}/include'
infodir='${prefix}/info'
install_sh='/Users/neil/Code/ZZ3/Simu/TP5/Random/autotools/install-sh'
libdir='${exec_prefix}/lib'
libexecdir='${exec_prefix}/libexec'
localstatedir='${prefix}/var'
mandir='${prefix}/man'
mkdir_p='$(install_sh) -d'
oldincludedir='/usr/include'
prefix='/Users/neil/Code/ZZ3/Simu/TP5/Random'
program_transform_name='s,x,x,'
sbindir='${exec_prefix}/sbin'
sharedstatedir='${prefix}/com'
sysconfdir='${prefix}/etc'
target='arm-apple-darwin24.1.0'
target_alias=''
target_cpu='arm'
target_os='darwin24.1.0'
target_vendor='apple'

## ----------- ##
## confdefs.h. ##
## ----------- ##

#define HAVE_DRAND48 1
#define PACKAGE "Random"
#define PACKAGE_BUGREPORT "http://savannah.cern.ch/projects/clhep/"
#define PACKAGE_NAME "CLHEP Random"
#define PACKAGE_STRING "CLHEP Random 2.1.0.0"
#define PACKAGE_TARNAME "Random"
#define PACKAGE_VERSION "2.1.0.0"
#define VERSION "2.1.0.0"
#endif
#ifdef __cplusplus
extern "C" void exit (int);

configure: exit 0
